Started GET "/" for 127.0.0.1 at 2017-09-23 20:04:44 +0300
Processing by Rails::WelcomeController#index as HTML
  Rendering C:/RailsInstaller/Ruby2.3.0/lib/ruby/gems/2.3.0/gems/railties-5.1.4/lib/rails/templates/rails/welcome/index.html.erb
  Rendered C:/RailsInstaller/Ruby2.3.0/lib/ruby/gems/2.3.0/gems/railties-5.1.4/lib/rails/templates/rails/welcome/index.html.erb (5.0ms)
Completed 200 OK in 723ms (Views: 60.7ms)


Started GET "/welcome/home" for 127.0.0.1 at 2017-09-23 20:04:47 +0300
  
ActionController::RoutingError (uninitialized constant WelcomeController):
  
activesupport (5.1.4) lib/active_support/inflector/methods.rb:269:in `const_get'
activesupport (5.1.4) lib/active_support/inflector/methods.rb:269:in `block in constantize'
activesupport (5.1.4) lib/active_support/inflector/methods.rb:267:in `each'
activesupport (5.1.4) lib/active_support/inflector/methods.rb:267:in `inject'
activesupport (5.1.4) lib/active_support/inflector/methods.rb:267:in `constantize'
actionpack (5.1.4) lib/action_dispatch/http/request.rb:85:in `controller_class_for'
actionpack (5.1.4) lib/action_dispatch/http/request.rb:78:in `controller_class'
actionpack (5.1.4) lib/action_dispatch/routing/route_set.rb:43:in `controller'
actionpack (5.1.4) lib/action_dispatch/routing/route_set.rb:29:in `serve'
actionpack (5.1.4) lib/action_dispatch/journey/router.rb:50:in `block in serve'
actionpack (5.1.4) lib/action_dispatch/journey/router.rb:33:in `each'
actionpack (5.1.4) lib/action_dispatch/journey/router.rb:33:in `serve'
actionpack (5.1.4) lib/action_dispatch/routing/route_set.rb:834:in `call'
rack (2.0.3) lib/rack/etag.rb:25:in `call'
rack (2.0.3) lib/rack/conditional_get.rb:25:in `call'
rack (2.0.3) lib/rack/head.rb:12:in `call'
rack (2.0.3) lib/rack/session/abstract/id.rb:232:in `context'
rack (2.0.3) lib/rack/session/abstract/id.rb:226:in `call'
actionpack (5.1.4) lib/action_dispatch/middleware/cookies.rb:613:in `call'
activerecord (5.1.4) lib/active_record/migration.rb:556:in `call'
actionpack (5.1.4) lib/action_dispatch/middleware/callbacks.rb:26:in `block in call'
activesupport (5.1.4) lib/active_support/callbacks.rb:97:in `run_callbacks'
actionpack (5.1.4) lib/action_dispatch/middleware/callbacks.rb:24:in `call'
actionpack (5.1.4) lib/action_dispatch/middleware/executor.rb:12:in `call'
actionpack (5.1.4) lib/action_dispatch/middleware/debug_exceptions.rb:59:in `call'
web-console (3.5.1) lib/web_console/middleware.rb:135:in `call_app'
web-console (3.5.1) lib/web_console/middleware.rb:28:in `block in call'
web-console (3.5.1) lib/web_console/middleware.rb:18:in `catch'
web-console (3.5.1) lib/web_console/middleware.rb:18:in `call'
actionpack (5.1.4) lib/action_dispatch/middleware/show_exceptions.rb:31:in `call'
railties (5.1.4) lib/rails/rack/logger.rb:36:in `call_app'
railties (5.1.4) lib/rails/rack/logger.rb:24:in `block in call'
activesupport (5.1.4) lib/active_support/tagged_logging.rb:69:in `block in tagged'
activesupport (5.1.4) lib/active_support/tagged_logging.rb:26:in `tagged'
activesupport (5.1.4) lib/active_support/tagged_logging.rb:69:in `tagged'
railties (5.1.4) lib/rails/rack/logger.rb:24:in `call'
sprockets-rails (3.2.1) lib/sprockets/rails/quiet_assets.rb:13:in `call'
actionpack (5.1.4) lib/action_dispatch/middleware/remote_ip.rb:79:in `call'
actionpack (5.1.4) lib/action_dispatch/middleware/request_id.rb:25:in `call'
rack (2.0.3) lib/rack/method_override.rb:22:in `call'
rack (2.0.3) lib/rack/runtime.rb:22:in `call'
activesupport (5.1.4) lib/active_support/cache/strategy/local_cache_middleware.rb:27:in `call'
actionpack (5.1.4) lib/action_dispatch/middleware/executor.rb:12:in `call'
actionpack (5.1.4) lib/action_dispatch/middleware/static.rb:125:in `call'
rack (2.0.3) lib/rack/sendfile.rb:111:in `call'
railties (5.1.4) lib/rails/engine.rb:522:in `call'
puma (3.10.0) lib/puma/configuration.rb:225:in `call'
puma (3.10.0) lib/puma/server.rb:605:in `handle_request'
puma (3.10.0) lib/puma/server.rb:437:in `process_client'
puma (3.10.0) lib/puma/server.rb:301:in `block in run'
puma (3.10.0) lib/puma/thread_pool.rb:120:in `block in spawn_thread'
Started GET "/welcome/home" for 127.0.0.1 at 2017-09-23 20:07:17 +0300
  
AbstractController::ActionNotFound (The action 'home' could not be found for WelcomeController):
  
actionpack (5.1.4) lib/abstract_controller/base.rb:119:in `process'
actionview (5.1.4) lib/action_view/rendering.rb:30:in `process'
actionpack (5.1.4) lib/action_controller/metal.rb:189:in `dispatch'
actionpack (5.1.4) lib/action_controller/metal.rb:253:in `dispatch'
actionpack (5.1.4) lib/action_dispatch/routing/route_set.rb:49:in `dispatch'
actionpack (5.1.4) lib/action_dispatch/routing/route_set.rb:31:in `serve'
actionpack (5.1.4) lib/action_dispatch/journey/router.rb:50:in `block in serve'
actionpack (5.1.4) lib/action_dispatch/journey/router.rb:33:in `each'
actionpack (5.1.4) lib/action_dispatch/journey/router.rb:33:in `serve'
actionpack (5.1.4) lib/action_dispatch/routing/route_set.rb:834:in `call'
rack (2.0.3) lib/rack/etag.rb:25:in `call'
rack (2.0.3) lib/rack/conditional_get.rb:25:in `call'
rack (2.0.3) lib/rack/head.rb:12:in `call'
rack (2.0.3) lib/rack/session/abstract/id.rb:232:in `context'
rack (2.0.3) lib/rack/session/abstract/id.rb:226:in `call'
actionpack (5.1.4) lib/action_dispatch/middleware/cookies.rb:613:in `call'
activerecord (5.1.4) lib/active_record/migration.rb:556:in `call'
actionpack (5.1.4) lib/action_dispatch/middleware/callbacks.rb:26:in `block in call'
activesupport (5.1.4) lib/active_support/callbacks.rb:97:in `run_callbacks'
actionpack (5.1.4) lib/action_dispatch/middleware/callbacks.rb:24:in `call'
actionpack (5.1.4) lib/action_dispatch/middleware/executor.rb:12:in `call'
actionpack (5.1.4) lib/action_dispatch/middleware/debug_exceptions.rb:59:in `call'
web-console (3.5.1) lib/web_console/middleware.rb:135:in `call_app'
web-console (3.5.1) lib/web_console/middleware.rb:28:in `block in call'
web-console (3.5.1) lib/web_console/middleware.rb:18:in `catch'
web-console (3.5.1) lib/web_console/middleware.rb:18:in `call'
actionpack (5.1.4) lib/action_dispatch/middleware/show_exceptions.rb:31:in `call'
railties (5.1.4) lib/rails/rack/logger.rb:36:in `call_app'
railties (5.1.4) lib/rails/rack/logger.rb:24:in `block in call'
activesupport (5.1.4) lib/active_support/tagged_logging.rb:69:in `block in tagged'
activesupport (5.1.4) lib/active_support/tagged_logging.rb:26:in `tagged'
activesupport (5.1.4) lib/active_support/tagged_logging.rb:69:in `tagged'
railties (5.1.4) lib/rails/rack/logger.rb:24:in `call'
sprockets-rails (3.2.1) lib/sprockets/rails/quiet_assets.rb:13:in `call'
actionpack (5.1.4) lib/action_dispatch/middleware/remote_ip.rb:79:in `call'
actionpack (5.1.4) lib/action_dispatch/middleware/request_id.rb:25:in `call'
rack (2.0.3) lib/rack/method_override.rb:22:in `call'
rack (2.0.3) lib/rack/runtime.rb:22:in `call'
activesupport (5.1.4) lib/active_support/cache/strategy/local_cache_middleware.rb:27:in `call'
actionpack (5.1.4) lib/action_dispatch/middleware/executor.rb:12:in `call'
actionpack (5.1.4) lib/action_dispatch/middleware/static.rb:125:in `call'
rack (2.0.3) lib/rack/sendfile.rb:111:in `call'
railties (5.1.4) lib/rails/engine.rb:522:in `call'
puma (3.10.0) lib/puma/configuration.rb:225:in `call'
puma (3.10.0) lib/puma/server.rb:605:in `handle_request'
puma (3.10.0) lib/puma/server.rb:437:in `process_client'
puma (3.10.0) lib/puma/server.rb:301:in `block in run'
puma (3.10.0) lib/puma/thread_pool.rb:120:in `block in spawn_thread'
Started GET "/welcome/home" for 127.0.0.1 at 2017-09-23 20:08:50 +0300
Processing by WelcomeController#home as HTML
Completed 406 Not Acceptable in 323ms


  
ActionController::UnknownFormat (WelcomeController#home is missing a template for this request format and variant.

request.formats: ["text/html"]
request.variant: []

NOTE! For XHR/Ajax or API requests, this action would normally respond with 204 No Content: an empty white screen. Since you're loading it in a web browser, we assume that you expected to actually render a template, not nothing, so we're showing an error to be extra-clear. If you expect 204 No Content, carry on. That's what you'll get from an XHR or API request. Give it a shot.):
  
actionpack (5.1.4) lib/action_controller/metal/implicit_render.rb:53:in `default_render'
actionpack (5.1.4) lib/action_controller/metal/basic_implicit_render.rb:4:in `block in send_action'
actionpack (5.1.4) lib/action_controller/metal/basic_implicit_render.rb:4:in `tap'
actionpack (5.1.4) lib/action_controller/metal/basic_implicit_render.rb:4:in `send_action'
actionpack (5.1.4) lib/abstract_controller/base.rb:186:in `process_action'
actionpack (5.1.4) lib/action_controller/metal/rendering.rb:30:in `process_action'
actionpack (5.1.4) lib/abstract_controller/callbacks.rb:20:in `block in process_action'
activesupport (5.1.4) lib/active_support/callbacks.rb:131:in `run_callbacks'
actionpack (5.1.4) lib/abstract_controller/callbacks.rb:19:in `process_action'
actionpack (5.1.4) lib/action_controller/metal/rescue.rb:20:in `process_action'
actionpack (5.1.4) lib/action_controller/metal/instrumentation.rb:32:in `block in process_action'
activesupport (5.1.4) lib/active_support/notifications.rb:166:in `block in instrument'
activesupport (5.1.4) lib/active_support/notifications/instrumenter.rb:21:in `instrument'
activesupport (5.1.4) lib/active_support/notifications.rb:166:in `instrument'
actionpack (5.1.4) lib/action_controller/metal/instrumentation.rb:30:in `process_action'
actionpack (5.1.4) lib/action_controller/metal/params_wrapper.rb:252:in `process_action'
activerecord (5.1.4) lib/active_record/railties/controller_runtime.rb:22:in `process_action'
actionpack (5.1.4) lib/abstract_controller/base.rb:124:in `process'
actionview (5.1.4) lib/action_view/rendering.rb:30:in `process'
actionpack (5.1.4) lib/action_controller/metal.rb:189:in `dispatch'
actionpack (5.1.4) lib/action_controller/metal.rb:253:in `dispatch'
actionpack (5.1.4) lib/action_dispatch/routing/route_set.rb:49:in `dispatch'
actionpack (5.1.4) lib/action_dispatch/routing/route_set.rb:31:in `serve'
actionpack (5.1.4) lib/action_dispatch/journey/router.rb:50:in `block in serve'
actionpack (5.1.4) lib/action_dispatch/journey/router.rb:33:in `each'
actionpack (5.1.4) lib/action_dispatch/journey/router.rb:33:in `serve'
actionpack (5.1.4) lib/action_dispatch/routing/route_set.rb:834:in `call'
rack (2.0.3) lib/rack/etag.rb:25:in `call'
rack (2.0.3) lib/rack/conditional_get.rb:25:in `call'
rack (2.0.3) lib/rack/head.rb:12:in `call'
rack (2.0.3) lib/rack/session/abstract/id.rb:232:in `context'
rack (2.0.3) lib/rack/session/abstract/id.rb:226:in `call'
actionpack (5.1.4) lib/action_dispatch/middleware/cookies.rb:613:in `call'
activerecord (5.1.4) lib/active_record/migration.rb:556:in `call'
actionpack (5.1.4) lib/action_dispatch/middleware/callbacks.rb:26:in `block in call'
activesupport (5.1.4) lib/active_support/callbacks.rb:97:in `run_callbacks'
actionpack (5.1.4) lib/action_dispatch/middleware/callbacks.rb:24:in `call'
actionpack (5.1.4) lib/action_dispatch/middleware/executor.rb:12:in `call'
actionpack (5.1.4) lib/action_dispatch/middleware/debug_exceptions.rb:59:in `call'
web-console (3.5.1) lib/web_console/middleware.rb:135:in `call_app'
web-console (3.5.1) lib/web_console/middleware.rb:28:in `block in call'
web-console (3.5.1) lib/web_console/middleware.rb:18:in `catch'
web-console (3.5.1) lib/web_console/middleware.rb:18:in `call'
actionpack (5.1.4) lib/action_dispatch/middleware/show_exceptions.rb:31:in `call'
railties (5.1.4) lib/rails/rack/logger.rb:36:in `call_app'
railties (5.1.4) lib/rails/rack/logger.rb:24:in `block in call'
activesupport (5.1.4) lib/active_support/tagged_logging.rb:69:in `block in tagged'
activesupport (5.1.4) lib/active_support/tagged_logging.rb:26:in `tagged'
activesupport (5.1.4) lib/active_support/tagged_logging.rb:69:in `tagged'
railties (5.1.4) lib/rails/rack/logger.rb:24:in `call'
sprockets-rails (3.2.1) lib/sprockets/rails/quiet_assets.rb:13:in `call'
actionpack (5.1.4) lib/action_dispatch/middleware/remote_ip.rb:79:in `call'
actionpack (5.1.4) lib/action_dispatch/middleware/request_id.rb:25:in `call'
rack (2.0.3) lib/rack/method_override.rb:22:in `call'
rack (2.0.3) lib/rack/runtime.rb:22:in `call'
activesupport (5.1.4) lib/active_support/cache/strategy/local_cache_middleware.rb:27:in `call'
actionpack (5.1.4) lib/action_dispatch/middleware/executor.rb:12:in `call'
actionpack (5.1.4) lib/action_dispatch/middleware/static.rb:125:in `call'
rack (2.0.3) lib/rack/sendfile.rb:111:in `call'
railties (5.1.4) lib/rails/engine.rb:522:in `call'
puma (3.10.0) lib/puma/configuration.rb:225:in `call'
puma (3.10.0) lib/puma/server.rb:605:in `handle_request'
puma (3.10.0) lib/puma/server.rb:437:in `process_client'
puma (3.10.0) lib/puma/server.rb:301:in `block in run'
puma (3.10.0) lib/puma/thread_pool.rb:120:in `block in spawn_thread'
Started GET "/welcome/home" for 127.0.0.1 at 2017-09-23 20:09:57 +0300
Processing by WelcomeController#home as HTML
  Rendering welcome/home.html.erb within layouts/application
  Rendered welcome/home.html.erb within layouts/application (0.0ms)
Completed 200 OK in 392ms (Views: 383.0ms)


Started GET "/welcome/home" for 127.0.0.1 at 2017-09-23 21:38:51 +0300
Processing by WelcomeController#home as HTML
  Rendering welcome/home.html.erb within layouts/application
  Rendered welcome/home.html.erb within layouts/application (3.0ms)
Completed 200 OK in 2684ms (Views: 1950.3ms)


Started GET "/welcome/home" for 127.0.0.1 at 2017-09-24 14:54:59 +0300
Processing by WelcomeController#home as HTML
  Rendering welcome/home.html.erb within layouts/application
  Rendered welcome/home.html.erb within layouts/application (5.0ms)
Completed 200 OK in 248ms (Views: 216.7ms)


Started GET "/" for 127.0.0.1 at 2017-09-24 15:08:58 +0300
Processing by WelcomeController#home as HTML
  Rendering welcome/home.html.erb within layouts/application
  Rendered welcome/home.html.erb within layouts/application (0.5ms)
Completed 200 OK in 69ms (Views: 60.2ms)


Started GET "/" for 127.0.0.1 at 2017-09-24 18:39:15 +0300
Processing by WelcomeController#home as HTML
  Rendering welcome/home.html.erb within layouts/application
  Rendered welcome/home.html.erb within layouts/application (3.0ms)
Completed 200 OK in 11824ms (Views: 10999.9ms)


Started GET "/" for 127.0.0.1 at 2017-09-24 18:42:47 +0300
Processing by WelcomeController#home as HTML
  Rendering welcome/home.html.erb within layouts/application
  Rendered welcome/home.html.erb within layouts/application (0.0ms)
  Rendered layouts/_navigation.html.erb (0.0ms)
Completed 200 OK in 137ms (Views: 126.9ms)


Started GET "/" for 127.0.0.1 at 2017-09-24 20:03:31 +0300
Processing by WelcomeController#home as HTML
  Rendering welcome/home.html.erb within layouts/application
  Rendered welcome/home.html.erb within layouts/application (1.5ms)
  Rendered layouts/_navigation.html.erb (0.5ms)
Completed 200 OK in 357ms (Views: 343.3ms)


Started GET "/" for 127.0.0.1 at 2017-09-24 20:03:54 +0300
Processing by WelcomeController#home as HTML
  Rendering welcome/home.html.erb within layouts/application
  Rendered welcome/home.html.erb within layouts/application (0.5ms)
  Rendered layouts/_navigation.html.erb (0.5ms)
Completed 200 OK in 146ms (Views: 137.7ms)


Started GET "/" for 127.0.0.1 at 2017-09-24 20:08:48 +0300
Processing by WelcomeController#home as HTML
  Rendering welcome/home.html.erb within layouts/application
  Rendered welcome/home.html.erb within layouts/application (0.5ms)
  Rendered layouts/_navigation.html.erb (1.5ms)
Completed 200 OK in 171ms (Views: 162.1ms)


Started GET "/" for 127.0.0.1 at 2017-09-24 20:08:50 +0300
Processing by WelcomeController#home as HTML
  Rendering welcome/home.html.erb within layouts/application
  Rendered welcome/home.html.erb within layouts/application (0.5ms)
  Rendered layouts/_navigation.html.erb (0.5ms)
Completed 200 OK in 148ms (Views: 140.5ms)


Started GET "/" for 127.0.0.1 at 2017-09-24 20:08:52 +0300
Processing by WelcomeController#home as HTML
  Rendering welcome/home.html.erb within layouts/application
  Rendered welcome/home.html.erb within layouts/application (0.5ms)
  Rendered layouts/_navigation.html.erb (0.5ms)
Completed 200 OK in 166ms (Views: 157.3ms)


Started GET "/" for 127.0.0.1 at 2017-09-24 20:09:00 +0300
Processing by WelcomeController#home as HTML
  Rendering welcome/home.html.erb within layouts/application
  Rendered welcome/home.html.erb within layouts/application (0.5ms)
  Rendered layouts/_navigation.html.erb (0.5ms)
Completed 200 OK in 151ms (Views: 141.9ms)


Started GET "/" for 127.0.0.1 at 2017-09-24 21:03:32 +0300
Processing by CurrencyController#search as HTML
  Rendering currency/search.html.erb within layouts/application
  Rendered currency/search.html.erb within layouts/application (1.5ms)
  Rendered layouts/_navigation.html.erb (1.5ms)
Completed 200 OK in 260ms (Views: 248.6ms)


Started GET "/" for 127.0.0.1 at 2017-09-24 21:04:56 +0300
Processing by CurrencyController#search as HTML
  Rendering currency/search.html.erb within layouts/application
  Rendered currency/search.html.erb within layouts/application (1.0ms)
  Rendered layouts/_navigation.html.erb (1.0ms)
Completed 200 OK in 160ms (Views: 151.0ms)


Started GET "/" for 127.0.0.1 at 2017-09-24 21:05:11 +0300
Processing by CurrencyController#search as HTML
  Rendering currency/search.html.erb within layouts/application
  Rendered currency/search.html.erb within layouts/application (0.5ms)
  Rendered layouts/_navigation.html.erb (0.5ms)
Completed 200 OK in 144ms (Views: 136.3ms)


Started GET "/" for 127.0.0.1 at 2017-09-24 21:05:28 +0300
Processing by CurrencyController#search as HTML
  Rendering currency/search.html.erb within layouts/application
  Rendered currency/search.html.erb within layouts/application (0.5ms)
  Rendered layouts/_navigation.html.erb (0.5ms)
Completed 200 OK in 135ms (Views: 127.1ms)


Started GET "/" for 127.0.0.1 at 2017-09-24 21:13:27 +0300
Processing by CurrencyController#search as HTML
  Rendering currency/search.html.erb within layouts/application
  Rendered currency/search.html.erb within layouts/application (0.5ms)
  Rendered layouts/_navigation.html.erb (0.5ms)
Completed 200 OK in 138ms (Views: 129.3ms)


Started GET "/" for 127.0.0.1 at 2017-09-24 21:15:31 +0300
Processing by CurrencyController#search as HTML
  Rendering currency/search.html.erb within layouts/application
  Rendered currency/search.html.erb within layouts/application (0.5ms)
  Rendered layouts/_navigation.html.erb (0.5ms)
Completed 200 OK in 147ms (Views: 139.4ms)


Started GET "/" for 127.0.0.1 at 2017-09-24 21:22:27 +0300
Processing by CurrencyController#search as HTML
  Rendering currency/search.html.erb within layouts/application
  Rendered currency/search.html.erb within layouts/application (0.5ms)
  Rendered layouts/_navigation.html.erb (1.0ms)
Completed 200 OK in 143ms (Views: 135.4ms)


Started GET "/" for 127.0.0.1 at 2017-09-24 21:26:08 +0300
Processing by CurrencyController#search as HTML
  Rendering currency/search.html.erb within layouts/application
  Rendered currency/search.html.erb within layouts/application (0.5ms)
Completed 500 Internal Server Error in 803ms


  
ActionView::Template::Error (Invalid CSS after "...er-spin-button ": expected selector or at-rule, was "{"):
    4:     <title>CurrencyExchange</title>
    5:     <%= csrf_meta_tags %>
    6: 
    7:     <%= stylesheet_link_tag    'application', media: 'all', 'data-turbolinks-track': 'reload' %>
    8:     <%= javascript_include_tag 'application', 'data-turbolinks-track': 'reload' %>
    9:   </head>
   10: 
  
app/assets/stylesheets/custom.css.scss:1
app/views/layouts/application.html.erb:7:in `_app_views_layouts_application_html_erb___980364997_100398324'
Started GET "/" for 127.0.0.1 at 2017-09-24 21:26:47 +0300
Processing by CurrencyController#search as HTML
  Rendering currency/search.html.erb within layouts/application
  Rendered currency/search.html.erb within layouts/application (0.5ms)
Completed 500 Internal Server Error in 761ms


  
ActionView::Template::Error (Invalid CSS after "$input": expected ":", was "{"):
    4:     <title>CurrencyExchange</title>
    5:     <%= csrf_meta_tags %>
    6: 
    7:     <%= stylesheet_link_tag    'application', media: 'all', 'data-turbolinks-track': 'reload' %>
    8:     <%= javascript_include_tag 'application', 'data-turbolinks-track': 'reload' %>
    9:   </head>
   10: 
  
app/assets/stylesheets/custom.css.scss:1
app/views/layouts/application.html.erb:7:in `_app_views_layouts_application_html_erb___980364997_56639016'
Started GET "/" for 127.0.0.1 at 2017-09-24 21:28:16 +0300
Processing by CurrencyController#search as HTML
  Rendering currency/search.html.erb within layouts/application
  Rendered currency/search.html.erb within layouts/application (0.5ms)
  Rendered layouts/_navigation.html.erb (0.5ms)
Completed 200 OK in 8044ms (Views: 8034.9ms)


Started GET "/" for 127.0.0.1 at 2017-09-24 21:28:40 +0300
Processing by CurrencyController#search as HTML
  Rendering currency/search.html.erb within layouts/application
  Rendered currency/search.html.erb within layouts/application (0.0ms)
  Rendered layouts/_navigation.html.erb (1.0ms)
Completed 200 OK in 146ms (Views: 138.5ms)


Started GET "/" for 127.0.0.1 at 2017-09-24 21:28:43 +0300
Processing by CurrencyController#search as HTML
  Rendering currency/search.html.erb within layouts/application
  Rendered currency/search.html.erb within layouts/application (0.5ms)
  Rendered layouts/_navigation.html.erb (0.5ms)
Completed 200 OK in 148ms (Views: 140.1ms)


Started GET "/" for 127.0.0.1 at 2017-09-24 21:29:17 +0300
Processing by CurrencyController#search as HTML
  Rendering currency/search.html.erb within layouts/application
  Rendered currency/search.html.erb within layouts/application (0.5ms)
  Rendered layouts/_navigation.html.erb (0.5ms)
Completed 200 OK in 8412ms (Views: 8403.3ms)


Started GET "/" for 127.0.0.1 at 2017-09-24 21:29:50 +0300
Processing by CurrencyController#search as HTML
  Rendering currency/search.html.erb within layouts/application
  Rendered currency/search.html.erb within layouts/application (0.5ms)
  Rendered layouts/_navigation.html.erb (0.5ms)
Completed 200 OK in 7733ms (Views: 7724.6ms)


Started GET "/" for 127.0.0.1 at 2017-09-24 21:30:04 +0300
Processing by CurrencyController#search as HTML
  Rendering currency/search.html.erb within layouts/application
  Rendered currency/search.html.erb within layouts/application (0.0ms)
  Rendered layouts/_navigation.html.erb (0.5ms)
Completed 200 OK in 132ms (Views: 124.1ms)


Started GET "/" for 127.0.0.1 at 2017-09-24 21:30:09 +0300
Processing by CurrencyController#search as HTML
  Rendering currency/search.html.erb within layouts/application
  Rendered currency/search.html.erb within layouts/application (0.5ms)
  Rendered layouts/_navigation.html.erb (0.5ms)
Completed 200 OK in 8184ms (Views: 8175.6ms)


Started GET "/" for 127.0.0.1 at 2017-09-24 21:30:30 +0300
Processing by CurrencyController#search as HTML
  Rendering currency/search.html.erb within layouts/application
  Rendered currency/search.html.erb within layouts/application (0.0ms)
  Rendered layouts/_navigation.html.erb (0.5ms)
Completed 200 OK in 150ms (Views: 142.4ms)


Started GET "/" for 127.0.0.1 at 2017-09-24 21:31:14 +0300
Processing by CurrencyController#search as HTML
  Rendering currency/search.html.erb within layouts/application
  Rendered currency/search.html.erb within layouts/application (1.0ms)
Started GET "/" for 127.0.0.1 at 2017-09-24 21:31:17 +0300
Processing by CurrencyController#search as HTML
  Rendering currency/search.html.erb within layouts/application
  Rendered currency/search.html.erb within layouts/application (0.5ms)
  Rendered layouts/_navigation.html.erb (0.5ms)
Completed 200 OK in 13112ms (Views: 13103.8ms)


  Rendered layouts/_navigation.html.erb (0.5ms)
Completed 200 OK in 12244ms (Views: 12233.9ms)


Started GET "/" for 127.0.0.1 at 2017-09-24 21:34:29 +0300
Processing by CurrencyController#search as HTML
  Rendering currency/search.html.erb within layouts/application
  Rendered currency/search.html.erb within layouts/application (0.0ms)
  Rendered layouts/_navigation.html.erb (1.0ms)
Completed 200 OK in 147ms (Views: 137.4ms)


Started GET "/" for 127.0.0.1 at 2017-09-24 21:35:35 +0300
Processing by CurrencyController#search as HTML
  Rendering currency/search.html.erb within layouts/application
  Rendered currency/search.html.erb within layouts/application (0.5ms)
  Rendered layouts/_navigation.html.erb (0.5ms)
Completed 200 OK in 167ms (Views: 158.0ms)


Started GET "/" for 127.0.0.1 at 2017-09-24 21:35:43 +0300
Processing by CurrencyController#search as HTML
  Rendering currency/search.html.erb within layouts/application
  Rendered currency/search.html.erb within layouts/application (0.5ms)
  Rendered layouts/_navigation.html.erb (0.5ms)
Completed 200 OK in 136ms (Views: 128.4ms)


Started GET "/" for 127.0.0.1 at 2017-09-24 21:36:33 +0300
Processing by CurrencyController#search as HTML
  Rendering currency/search.html.erb within layouts/application
  Rendered currency/search.html.erb within layouts/application (0.0ms)
  Rendered layouts/_navigation.html.erb (0.5ms)
Completed 200 OK in 149ms (Views: 141.1ms)


Started GET "/" for 127.0.0.1 at 2017-09-24 21:38:00 +0300
Processing by CurrencyController#search as HTML
  Rendering currency/search.html.erb within layouts/application
  Rendered currency/search.html.erb within layouts/application (0.5ms)
  Rendered layouts/_navigation.html.erb (1.0ms)
Completed 200 OK in 142ms (Views: 134.0ms)


Started GET "/" for 127.0.0.1 at 2017-09-24 21:41:04 +0300
Processing by CurrencyController#search as HTML
  Rendering currency/search.html.erb within layouts/application
  Rendered currency/search.html.erb within layouts/application (0.5ms)
  Rendered layouts/_navigation.html.erb (0.5ms)
Completed 200 OK in 155ms (Views: 146.4ms)


Started GET "/" for 127.0.0.1 at 2017-09-24 21:42:31 +0300
Processing by CurrencyController#search as HTML
  Rendering currency/search.html.erb within layouts/application
  Rendered currency/search.html.erb within layouts/application (0.5ms)
  Rendered layouts/_navigation.html.erb (0.5ms)
Completed 200 OK in 142ms (Views: 133.3ms)


Started GET "/" for 127.0.0.1 at 2017-09-24 21:45:24 +0300
Processing by CurrencyController#search as HTML
  Rendering currency/search.html.erb within layouts/application
  Rendered currency/search.html.erb within layouts/application (0.5ms)
  Rendered layouts/_navigation.html.erb (0.5ms)
Completed 200 OK in 155ms (Views: 146.8ms)


Started GET "/" for 127.0.0.1 at 2017-09-24 21:46:13 +0300
Processing by CurrencyController#search as HTML
  Rendering currency/search.html.erb within layouts/application
  Rendered currency/search.html.erb within layouts/application (0.5ms)
  Rendered layouts/_navigation.html.erb (0.5ms)
Completed 200 OK in 139ms (Views: 131.3ms)


Started GET "/" for 127.0.0.1 at 2017-09-25 20:03:21 +0300
Processing by CurrencyController#search as HTML
  Rendering currency/search.html.erb within layouts/application
  Rendered currency/search.html.erb within layouts/application (3.0ms)
  Rendered layouts/_navigation.html.erb (0.5ms)
Completed 200 OK in 1560ms (Views: 753.3ms)


